<?xml version="1.0" encoding="UTF-8"?>
<testng-results ignored="0" total="2" passed="2" failed="0" skipped="0">
  <reporter-output>
  </reporter-output>
  <suite started-at="2020-05-05T13:14:01Z" name="Default suite" finished-at="2020-05-05T13:17:05Z" duration-ms="184452">
    <groups>
      <group name="cucumber">
        <method signature="TestRunner.feature(cucumber.api.testng.CucumberFeatureWrapper)[pri:0, instance:runner.TestRunner@a4102b8]" name="feature" class="runner.TestRunner"/>
      </group> <!-- cucumber -->
    </groups>
    <test started-at="2020-05-05T13:14:01Z" name="Default test" finished-at="2020-05-05T13:17:05Z" duration-ms="184452">
      <class name="runner.TestRunner">
        <test-method is-config="true" signature="setUpClass()[pri:0, instance:runner.TestRunner@a4102b8]" started-at="2020-05-05T13:14:01Z" name="setUpClass" finished-at="2020-05-05T13:14:01Z" duration-ms="160" status="PASS">
          <reporter-output>
          </reporter-output>
        </test-method> <!-- setUpClass -->
        <test-method signature="feature(cucumber.api.testng.CucumberFeatureWrapper)[pri:0, instance:runner.TestRunner@a4102b8]" started-at="2020-05-05T13:14:01Z" name="feature" description="Runs Cucumber Feature" data-provider="features" finished-at="2020-05-05T13:15:45Z" duration-ms="104025" status="PASS">
          <params>
            <param index="0">
              <value>
                <![CDATA[Create Contest feature]]>
              </value>
            </param>
          </params>
          <reporter-output>
          </reporter-output>
        </test-method> <!-- feature -->
        <test-method signature="feature(cucumber.api.testng.CucumberFeatureWrapper)[pri:0, instance:runner.TestRunner@a4102b8]" started-at="2020-05-05T13:15:45Z" name="feature" description="Runs Cucumber Feature" data-provider="features" finished-at="2020-05-05T13:17:05Z" duration-ms="80191" status="PASS">
          <params>
            <param index="0">
              <value>
                <![CDATA[Login fearure]]>
              </value>
            </param>
          </params>
          <reporter-output>
          </reporter-output>
        </test-method> <!-- feature -->
        <test-method is-config="true" signature="tearDownClass()[pri:0, instance:runner.TestRunner@a4102b8]" started-at="2020-05-05T13:17:05Z" name="tearDownClass" finished-at="2020-05-05T13:17:05Z" duration-ms="3" status="PASS">
          <reporter-output>
          </reporter-output>
        </test-method> <!-- tearDownClass -->
      </class> <!-- runner.TestRunner -->
    </test> <!-- Default test -->
  </suite> <!-- Default suite -->
</testng-results>
